<?xml version="1.0" encoding="UTF-8"?>
<!-- Generated by org.testng.reporters.JUnitReportReporter -->
<testsuite hostname="SPTVMLAP-2124" failures="0" tests="1" name="com.test.Customer.AllScenarios_Cust_CustSearch" time="174.990" errors="0" timestamp="2024-11-26T19:52:13 IST" skipped="0">
  <testcase classname="com.test.Customer.AllScenarios_Cust_CustSearch" name="customerSearch" time="174.990"/>
  <system-out/>
</testsuite> <!-- com.test.Customer.AllScenarios_Cust_CustSearch -->
