<?xml version="1.0" encoding="UTF-8"?>
<!-- Generated by org.testng.reporters.JUnitReportReporter -->
<testsuite hostname="SPTVMLAP-2124" failures="0" tests="1" name="com.test.Customer.AllScenarios_Cust_CustSearch" time="180.549" errors="0" timestamp="2024-11-29T12:27:04 IST" skipped="0">
  <testcase classname="com.test.Customer.AllScenarios_Cust_CustSearch" name="customerSearch" time="180.549"/>
  <system-out/>
</testsuite> <!-- com.test.Customer.AllScenarios_Cust_CustSearch -->
