<?xml version="1.0" encoding="UTF-8"?>
<!-- Generated by org.testng.reporters.JUnitReportReporter -->
<testsuite hostname="SPTVMLAP-2124" failures="0" tests="1" name="com.test.Customer.AllScenarios_Cust_CustRegister" time="317.185" errors="0" timestamp="2024-12-02T12:40:00 IST" skipped="0">
  <testcase classname="com.test.Customer.AllScenarios_Cust_CustRegister" name="customerRegister" time="317.185"/>
  <system-out/>
</testsuite> <!-- com.test.Customer.AllScenarios_Cust_CustRegister -->
